<?xml version="1.0" encoding="UTF-8"?>
<!-- Generated by org.testng.reporters.JUnitReportReporter -->
<testsuite skipped="0" hostname="BLR1-LHP-N61317" name="org.automation.demo.LaunchBrowser" tests="1" failures="0" timestamp="21 Jan 2019 13:05:51 GMT" time="4.205" errors="0">
  <testcase name="createBrowser" time="4.205" classname="org.automation.demo.LaunchBrowser"/>
</testsuite> <!-- org.automation.demo.LaunchBrowser -->
