<?xml version="1.0" encoding="UTF-8"?>
<!-- Generated by org.testng.reporters.JUnitReportReporter -->
<testsuite skipped="0" hostname="BLR1-LHP-N61317" name="org.automation.runMe.runMe" tests="1" failures="0" timestamp="22 Jan 2019 09:51:17 GMT" time="6.235" errors="0">
  <testcase name="feature" time="6.235" classname="org.automation.runMe.runMe"/>
</testsuite> <!-- org.automation.runMe.runMe -->
